2025-07-28T04:42:21.497Z  INFO 8476 --- [main] com.musike.MusikeBackendApplication      : Starting MusikeBackendApplication using Java 21.0.7 with PID 8476 (C:\Users\HP\Desktop\musike\musike-backend\target\classes started by HP in C:\Users\HP\Desktop\musike\musike-backend)
2025-07-28T04:42:21.524Z  INFO 8476 --- [main] com.musike.MusikeBackendApplication      : No active profile set, falling back to 1 default profile: "dev"
2025-07-28T04:42:26.476Z  INFO 8476 --- [main] .s.d.r.c.RepositoryConfigurationDelegate : Bootstrapping Spring Data JPA repositories in DEFAULT mode.
2025-07-28T04:42:26.657Z  INFO 8476 --- [main] .s.d.r.c.RepositoryConfigurationDelegate : Finished Spring Data repository scanning in 151 ms. Found 1 JPA repository interface.
2025-07-28T04:42:28.244Z  INFO 8476 --- [main] o.s.b.w.embedded.tomcat.TomcatWebServer  : Tomcat initialized with port 8080 (http)
2025-07-28T04:42:28.280Z  INFO 8476 --- [main] o.apache.catalina.core.StandardService   : Starting service [Tomcat]
2025-07-28T04:42:28.281Z  INFO 8476 --- [main] o.apache.catalina.core.StandardEngine    : Starting Servlet engine: [Apache Tomcat/10.1.43]
2025-07-28T04:42:28.450Z  INFO 8476 --- [main] o.a.c.c.C.[Tomcat].[localhost].[/]       : Initializing Spring embedded WebApplicationContext
2025-07-28T04:42:28.451Z  INFO 8476 --- [main] w.s.c.ServletWebServerApplicationContext : Root WebApplicationContext: initialization completed in 6689 ms
2025-07-28T04:42:29.385Z  INFO 8476 --- [main] o.hibernate.jpa.internal.util.LogHelper  : HHH000204: Processing PersistenceUnitInfo [name: default]
2025-07-28T04:42:29.589Z  INFO 8476 --- [main] org.hibernate.Version                    : HHH000412: Hibernate ORM core version 6.6.22.Final
2025-07-28T04:42:29.727Z  INFO 8476 --- [main] o.h.c.internal.RegionFactoryInitiator    : HHH000026: Second-level cache disabled
2025-07-28T04:42:30.597Z  INFO 8476 --- [main] o.s.o.j.p.SpringPersistenceUnitInfo      : No LoadTimeWeaver setup: ignoring JPA class transformer
2025-07-28T04:42:30.690Z  INFO 8476 --- [main] com.zaxxer.hikari.HikariDataSource       : HikariPool-1 - Starting...
2025-07-28T04:42:31.171Z  INFO 8476 --- [main] com.zaxxer.hikari.pool.HikariPool        : HikariPool-1 - Added connection org.postgresql.jdbc.PgConnection@7cbf4f8c
2025-07-28T04:42:31.176Z  INFO 8476 --- [main] com.zaxxer.hikari.HikariDataSource       : HikariPool-1 - Start completed.
2025-07-28T04:42:31.273Z  WARN 8476 --- [main] org.hibernate.orm.deprecation            : HHH90000025: PostgreSQLDialect does not need to be specified explicitly using 'hibernate.dialect' (remove the property setting and it will be selected by default)
2025-07-28T04:42:31.325Z  INFO 8476 --- [main] org.hibernate.orm.connections.pooling    : HHH10001005: Database info:
	Database JDBC URL [Connecting through datasource 'HikariDataSource (HikariPool-1)']
	Database driver: undefined/unknown
	Database version: 17.5
	Autocommit mode: undefined/unknown
	Isolation level: undefined/unknown
	Minimum pool size: undefined/unknown
	Maximum pool size: undefined/unknown
2025-07-28T04:42:34.240Z  INFO 8476 --- [main] o.h.e.t.j.p.i.JtaPlatformInitiator       : HHH000489: No JTA platform available (set 'hibernate.transaction.jta.platform' to enable JTA platform integration)
2025-07-28T04:42:34.437Z  INFO 8476 --- [main] j.LocalContainerEntityManagerFactoryBean : Initialized JPA EntityManagerFactory for persistence unit 'default'
2025-07-28T04:42:35.477Z  WARN 8476 --- [main] JpaBaseConfiguration$JpaWebConfiguration : spring.jpa.open-in-view is enabled by default. Therefore, database queries may be performed during view rendering. Explicitly configure spring.jpa.open-in-view to disable this warning
2025-07-28T04:42:35.548Z  INFO 8476 --- [main] o.s.b.a.w.s.WelcomePageHandlerMapping    : Adding welcome page: class path resource [static/index.html]
2025-07-28T04:42:36.305Z  INFO 8476 --- [main] o.s.b.a.e.web.EndpointLinksResolver      : Exposing 3 endpoints beneath base path '/actuator'
2025-07-28T04:42:37.546Z  INFO 8476 --- [main] o.s.b.w.embedded.tomcat.TomcatWebServer  : Tomcat started on port 8080 (http) with context path '/'
2025-07-28T04:42:37.574Z  INFO 8476 --- [main] com.musike.MusikeBackendApplication      : Started MusikeBackendApplication in 18.616 seconds (process running for 19.985)
2025-07-28T04:43:12.272Z  INFO 8476 --- [http-nio-8080-exec-2] o.a.c.c.C.[Tomcat].[localhost].[/]       : Initializing Spring DispatcherServlet 'dispatcherServlet'
2025-07-28T04:43:12.281Z  INFO 8476 --- [http-nio-8080-exec-2] o.s.web.servlet.DispatcherServlet        : Initializing Servlet 'dispatcherServlet'
2025-07-28T04:43:12.292Z  INFO 8476 --- [http-nio-8080-exec-2] o.s.web.servlet.DispatcherServlet        : Completed initialization in 9 ms
2025-07-28T04:53:00.000Z  INFO 8476 --- [SpringApplicationShutdownHook] o.s.b.w.e.tomcat.GracefulShutdown        : Commencing graceful shutdown. Waiting for active requests to complete
2025-07-28T04:53:00.031Z  INFO 8476 --- [tomcat-shutdown] o.s.b.w.e.tomcat.GracefulShutdown        : Graceful shutdown complete
2025-07-28T04:53:00.043Z  INFO 8476 --- [SpringApplicationShutdownHook] j.LocalContainerEntityManagerFactoryBean : Closing JPA EntityManagerFactory for persistence unit 'default'
2025-07-28T04:53:00.047Z  INFO 8476 --- [SpringApplicationShutdownHook] com.zaxxer.hikari.HikariDataSource       : HikariPool-1 - Shutdown initiated...
2025-07-28T04:53:00.056Z  INFO 8476 --- [SpringApplicationShutdownHook] com.zaxxer.hikari.HikariDataSource       : HikariPool-1 - Shutdown completed.
2025-07-28T05:54:16.020Z  INFO 27364 --- [main] com.musike.MusikeBackendApplication      : Starting MusikeBackendApplication using Java 21.0.7 with PID 27364 (C:\Users\HP\Desktop\musike\musike-backend\target\classes started by HP in C:\Users\HP\Desktop\musike\musike-backend)
2025-07-28T05:54:16.024Z  INFO 27364 --- [main] com.musike.MusikeBackendApplication      : No active profile set, falling back to 1 default profile: "dev"
2025-07-28T05:54:18.216Z  INFO 27364 --- [main] .s.d.r.c.RepositoryConfigurationDelegate : Bootstrapping Spring Data JPA repositories in DEFAULT mode.
2025-07-28T05:54:18.358Z  INFO 27364 --- [main] .s.d.r.c.RepositoryConfigurationDelegate : Finished Spring Data repository scanning in 115 ms. Found 1 JPA repository interface.
2025-07-28T05:54:19.483Z  INFO 27364 --- [main] o.s.b.w.embedded.tomcat.TomcatWebServer  : Tomcat initialized with port 8080 (http)
2025-07-28T05:54:19.512Z  INFO 27364 --- [main] o.apache.catalina.core.StandardService   : Starting service [Tomcat]
2025-07-28T05:54:19.513Z  INFO 27364 --- [main] o.apache.catalina.core.StandardEngine    : Starting Servlet engine: [Apache Tomcat/10.1.43]
2025-07-28T05:54:19.663Z  INFO 27364 --- [main] o.a.c.c.C.[Tomcat].[localhost].[/]       : Initializing Spring embedded WebApplicationContext
2025-07-28T05:54:19.664Z  INFO 27364 --- [main] w.s.c.ServletWebServerApplicationContext : Root WebApplicationContext: initialization completed in 3519 ms
2025-07-28T05:54:20.482Z  INFO 27364 --- [main] o.hibernate.jpa.internal.util.LogHelper  : HHH000204: Processing PersistenceUnitInfo [name: default]
2025-07-28T05:54:20.638Z  INFO 27364 --- [main] org.hibernate.Version                    : HHH000412: Hibernate ORM core version 6.6.22.Final
2025-07-28T05:54:20.722Z  INFO 27364 --- [main] o.h.c.internal.RegionFactoryInitiator    : HHH000026: Second-level cache disabled
2025-07-28T05:54:21.393Z  INFO 27364 --- [main] o.s.o.j.p.SpringPersistenceUnitInfo      : No LoadTimeWeaver setup: ignoring JPA class transformer
2025-07-28T05:54:21.462Z  INFO 27364 --- [main] com.zaxxer.hikari.HikariDataSource       : HikariPool-1 - Starting...
2025-07-28T05:54:22.073Z  INFO 27364 --- [main] com.zaxxer.hikari.pool.HikariPool        : HikariPool-1 - Added connection org.postgresql.jdbc.PgConnection@49bb808f
2025-07-28T05:54:22.078Z  INFO 27364 --- [main] com.zaxxer.hikari.HikariDataSource       : HikariPool-1 - Start completed.
2025-07-28T05:54:22.175Z  WARN 27364 --- [main] org.hibernate.orm.deprecation            : HHH90000025: PostgreSQLDialect does not need to be specified explicitly using 'hibernate.dialect' (remove the property setting and it will be selected by default)
2025-07-28T05:54:22.223Z  INFO 27364 --- [main] org.hibernate.orm.connections.pooling    : HHH10001005: Database info:
	Database JDBC URL [Connecting through datasource 'HikariDataSource (HikariPool-1)']
	Database driver: undefined/unknown
	Database version: 17.5
	Autocommit mode: undefined/unknown
	Isolation level: undefined/unknown
	Minimum pool size: undefined/unknown
	Maximum pool size: undefined/unknown
2025-07-28T05:54:24.977Z  INFO 27364 --- [main] o.h.e.t.j.p.i.JtaPlatformInitiator       : HHH000489: No JTA platform available (set 'hibernate.transaction.jta.platform' to enable JTA platform integration)
2025-07-28T05:54:25.212Z  INFO 27364 --- [main] j.LocalContainerEntityManagerFactoryBean : Initialized JPA EntityManagerFactory for persistence unit 'default'
2025-07-28T05:54:26.012Z  WARN 27364 --- [main] JpaBaseConfiguration$JpaWebConfiguration : spring.jpa.open-in-view is enabled by default. Therefore, database queries may be performed during view rendering. Explicitly configure spring.jpa.open-in-view to disable this warning
2025-07-28T05:54:26.092Z  INFO 27364 --- [main] o.s.b.a.w.s.WelcomePageHandlerMapping    : Adding welcome page: class path resource [static/index.html]
2025-07-28T05:54:27.054Z  INFO 27364 --- [main] o.s.b.a.e.web.EndpointLinksResolver      : Exposing 3 endpoints beneath base path '/actuator'
2025-07-28T05:54:28.648Z  INFO 27364 --- [main] o.s.b.w.embedded.tomcat.TomcatWebServer  : Tomcat started on port 8080 (http) with context path '/'
2025-07-28T05:54:28.690Z  INFO 27364 --- [main] com.musike.MusikeBackendApplication      : Started MusikeBackendApplication in 14.592 seconds (process running for 15.468)
2025-07-28T05:55:35.364Z  INFO 27364 --- [http-nio-8080-exec-1] o.a.c.c.C.[Tomcat].[localhost].[/]       : Initializing Spring DispatcherServlet 'dispatcherServlet'
2025-07-28T05:55:35.365Z  INFO 27364 --- [http-nio-8080-exec-1] o.s.web.servlet.DispatcherServlet        : Initializing Servlet 'dispatcherServlet'
2025-07-28T05:55:35.367Z  INFO 27364 --- [http-nio-8080-exec-1] o.s.web.servlet.DispatcherServlet        : Completed initialization in 2 ms
2025-07-28T05:55:35.625Z  INFO 27364 --- [http-nio-8080-exec-1] com.musike.controller.AuthController     : Login attempt for email: test@123.com
2025-07-28T05:55:35.625Z  INFO 27364 --- [http-nio-8080-exec-1] com.musike.service.UserService           : Validating credentials for email: test@123.com
2025-07-28T05:55:35.898Z  INFO 27364 --- [http-nio-8080-exec-1] com.musike.service.UserService           : Total users in database: 1
2025-07-28T05:55:35.899Z  INFO 27364 --- [http-nio-8080-exec-1] com.musike.service.UserService           : Credentials validation result: true
2025-07-28T05:55:35.901Z  INFO 27364 --- [http-nio-8080-exec-1] com.musike.controller.AuthController     : Credentials validation result: true
2025-07-28T05:55:35.965Z  INFO 27364 --- [http-nio-8080-exec-1] com.musike.controller.AuthController     : Login successful for email: test@123.com
